2025-08-21 17:35:49.956	ERROR	controllers/auth.go:46	密码错误	{"error": "crypto/bcrypt: hashedPassword is not the hash of the given password"}
gin-fast/app/controllers.(*AuthController).Login
	D:/go_pro/pure_admin_demo/gin-fast/app/controllers/auth.go:46
github.com/gin-gonic/gin.(*Context).Next
	C:/Users/Administrator/go/pkg/mod/github.com/gin-gonic/gin@v1.10.1/context.go:185
gin-fast/app/middleware.CorsNext.func1
	D:/go_pro/pure_admin_demo/gin-fast/app/middleware/cors.go:24
github.com/gin-gonic/gin.(*Context).Next
	C:/Users/Administrator/go/pkg/mod/github.com/gin-gonic/gin@v1.10.1/context.go:185
github.com/gin-gonic/gin.CustomRecoveryWithWriter.func1
	C:/Users/Administrator/go/pkg/mod/github.com/gin-gonic/gin@v1.10.1/recovery.go:102
github.com/gin-gonic/gin.(*Context).Next
	C:/Users/Administrator/go/pkg/mod/github.com/gin-gonic/gin@v1.10.1/context.go:185
github.com/gin-gonic/gin.LoggerWithConfig.func1
	C:/Users/Administrator/go/pkg/mod/github.com/gin-gonic/gin@v1.10.1/logger.go:249
github.com/gin-gonic/gin.(*Context).Next
	C:/Users/Administrator/go/pkg/mod/github.com/gin-gonic/gin@v1.10.1/context.go:185
github.com/gin-gonic/gin.(*Engine).handleHTTPRequest
	C:/Users/Administrator/go/pkg/mod/github.com/gin-gonic/gin@v1.10.1/gin.go:644
github.com/gin-gonic/gin.(*Engine).ServeHTTP
	C:/Users/Administrator/go/pkg/mod/github.com/gin-gonic/gin@v1.10.1/gin.go:600
net/http.serverHandler.ServeHTTP
	C:/Program Files/Go/src/net/http/server.go:3301
net/http.(*conn).serve
	C:/Program Files/Go/src/net/http/server.go:2102
2025-08-21 17:39:04.825	ERROR	controllers/auth.go:46	密码错误	{"error": "crypto/bcrypt: hashedPassword is not the hash of the given password"}
gin-fast/app/controllers.(*AuthController).Login
	D:/go_pro/pure_admin_demo/gin-fast/app/controllers/auth.go:46
github.com/gin-gonic/gin.(*Context).Next
	C:/Users/Administrator/go/pkg/mod/github.com/gin-gonic/gin@v1.10.1/context.go:185
gin-fast/app/middleware.CorsNext.func1
	D:/go_pro/pure_admin_demo/gin-fast/app/middleware/cors.go:24
github.com/gin-gonic/gin.(*Context).Next
	C:/Users/Administrator/go/pkg/mod/github.com/gin-gonic/gin@v1.10.1/context.go:185
github.com/gin-gonic/gin.CustomRecoveryWithWriter.func1
	C:/Users/Administrator/go/pkg/mod/github.com/gin-gonic/gin@v1.10.1/recovery.go:102
github.com/gin-gonic/gin.(*Context).Next
	C:/Users/Administrator/go/pkg/mod/github.com/gin-gonic/gin@v1.10.1/context.go:185
github.com/gin-gonic/gin.LoggerWithConfig.func1
	C:/Users/Administrator/go/pkg/mod/github.com/gin-gonic/gin@v1.10.1/logger.go:249
github.com/gin-gonic/gin.(*Context).Next
	C:/Users/Administrator/go/pkg/mod/github.com/gin-gonic/gin@v1.10.1/context.go:185
github.com/gin-gonic/gin.(*Engine).handleHTTPRequest
	C:/Users/Administrator/go/pkg/mod/github.com/gin-gonic/gin@v1.10.1/gin.go:644
github.com/gin-gonic/gin.(*Engine).ServeHTTP
	C:/Users/Administrator/go/pkg/mod/github.com/gin-gonic/gin@v1.10.1/gin.go:600
net/http.serverHandler.ServeHTTP
	C:/Program Files/Go/src/net/http/server.go:3301
net/http.(*conn).serve
	C:/Program Files/Go/src/net/http/server.go:2102
2025-08-21 17:51:28.357	ERROR	controllers/auth.go:46	密码错误	{"error": "crypto/bcrypt: hashedPassword is not the hash of the given password"}
gin-fast/app/controllers.(*AuthController).Login
	D:/go_pro/pure_admin_demo/gin-fast/app/controllers/auth.go:46
github.com/gin-gonic/gin.(*Context).Next
	C:/Users/Administrator/go/pkg/mod/github.com/gin-gonic/gin@v1.10.1/context.go:185
gin-fast/app/middleware.CorsNext.func1
	D:/go_pro/pure_admin_demo/gin-fast/app/middleware/cors.go:24
github.com/gin-gonic/gin.(*Context).Next
	C:/Users/Administrator/go/pkg/mod/github.com/gin-gonic/gin@v1.10.1/context.go:185
github.com/gin-gonic/gin.CustomRecoveryWithWriter.func1
	C:/Users/Administrator/go/pkg/mod/github.com/gin-gonic/gin@v1.10.1/recovery.go:102
github.com/gin-gonic/gin.(*Context).Next
	C:/Users/Administrator/go/pkg/mod/github.com/gin-gonic/gin@v1.10.1/context.go:185
github.com/gin-gonic/gin.LoggerWithConfig.func1
	C:/Users/Administrator/go/pkg/mod/github.com/gin-gonic/gin@v1.10.1/logger.go:249
github.com/gin-gonic/gin.(*Context).Next
	C:/Users/Administrator/go/pkg/mod/github.com/gin-gonic/gin@v1.10.1/context.go:185
github.com/gin-gonic/gin.(*Engine).handleHTTPRequest
	C:/Users/Administrator/go/pkg/mod/github.com/gin-gonic/gin@v1.10.1/gin.go:644
github.com/gin-gonic/gin.(*Engine).ServeHTTP
	C:/Users/Administrator/go/pkg/mod/github.com/gin-gonic/gin@v1.10.1/gin.go:600
net/http.serverHandler.ServeHTTP
	C:/Program Files/Go/src/net/http/server.go:3301
net/http.(*conn).serve
	C:/Program Files/Go/src/net/http/server.go:2102
2025-08-26 11:35:43.207	ERROR	controllers/auth.go:179	获取验证码图片失败	{"error": "验证码ID不能为空"}
gin-fast/app/controllers.(*AuthController).GetCaptchaImg
	D:/go_pro/pure_admin_demo/gin-fast/app/controllers/auth.go:179
github.com/gin-gonic/gin.(*Context).Next
	C:/Users/Administrator/go/pkg/mod/github.com/gin-gonic/gin@v1.10.1/context.go:185
gin-fast/app/middleware.CorsNext.func1
	D:/go_pro/pure_admin_demo/gin-fast/app/middleware/cors.go:24
github.com/gin-gonic/gin.(*Context).Next
	C:/Users/Administrator/go/pkg/mod/github.com/gin-gonic/gin@v1.10.1/context.go:185
github.com/gin-gonic/gin.CustomRecoveryWithWriter.func1
	C:/Users/Administrator/go/pkg/mod/github.com/gin-gonic/gin@v1.10.1/recovery.go:102
github.com/gin-gonic/gin.(*Context).Next
	C:/Users/Administrator/go/pkg/mod/github.com/gin-gonic/gin@v1.10.1/context.go:185
github.com/gin-gonic/gin.LoggerWithConfig.func1
	C:/Users/Administrator/go/pkg/mod/github.com/gin-gonic/gin@v1.10.1/logger.go:249
github.com/gin-gonic/gin.(*Context).Next
	C:/Users/Administrator/go/pkg/mod/github.com/gin-gonic/gin@v1.10.1/context.go:185
github.com/gin-gonic/gin.(*Engine).handleHTTPRequest
	C:/Users/Administrator/go/pkg/mod/github.com/gin-gonic/gin@v1.10.1/gin.go:644
github.com/gin-gonic/gin.(*Engine).ServeHTTP
	C:/Users/Administrator/go/pkg/mod/github.com/gin-gonic/gin@v1.10.1/gin.go:600
net/http.serverHandler.ServeHTTP
	C:/Program Files/Go/src/net/http/server.go:3301
net/http.(*conn).serve
	C:/Program Files/Go/src/net/http/server.go:2102
2025-08-26 11:35:43.307	ERROR	controllers/auth.go:179	获取验证码图片失败	{"error": "验证码ID不能为空"}
gin-fast/app/controllers.(*AuthController).GetCaptchaImg
	D:/go_pro/pure_admin_demo/gin-fast/app/controllers/auth.go:179
github.com/gin-gonic/gin.(*Context).Next
	C:/Users/Administrator/go/pkg/mod/github.com/gin-gonic/gin@v1.10.1/context.go:185
gin-fast/app/middleware.CorsNext.func1
	D:/go_pro/pure_admin_demo/gin-fast/app/middleware/cors.go:24
github.com/gin-gonic/gin.(*Context).Next
	C:/Users/Administrator/go/pkg/mod/github.com/gin-gonic/gin@v1.10.1/context.go:185
github.com/gin-gonic/gin.CustomRecoveryWithWriter.func1
	C:/Users/Administrator/go/pkg/mod/github.com/gin-gonic/gin@v1.10.1/recovery.go:102
github.com/gin-gonic/gin.(*Context).Next
	C:/Users/Administrator/go/pkg/mod/github.com/gin-gonic/gin@v1.10.1/context.go:185
github.com/gin-gonic/gin.LoggerWithConfig.func1
	C:/Users/Administrator/go/pkg/mod/github.com/gin-gonic/gin@v1.10.1/logger.go:249
github.com/gin-gonic/gin.(*Context).Next
	C:/Users/Administrator/go/pkg/mod/github.com/gin-gonic/gin@v1.10.1/context.go:185
github.com/gin-gonic/gin.(*Engine).handleHTTPRequest
	C:/Users/Administrator/go/pkg/mod/github.com/gin-gonic/gin@v1.10.1/gin.go:644
github.com/gin-gonic/gin.(*Engine).ServeHTTP
	C:/Users/Administrator/go/pkg/mod/github.com/gin-gonic/gin@v1.10.1/gin.go:600
net/http.serverHandler.ServeHTTP
	C:/Program Files/Go/src/net/http/server.go:3301
net/http.(*conn).serve
	C:/Program Files/Go/src/net/http/server.go:2102
2025-08-26 11:52:37.360	ERROR	controllers/auth.go:179	获取验证码图片失败	{"error": "验证码ID不能为空"}
gin-fast/app/controllers.(*AuthController).GetCaptchaImg
	D:/go_pro/pure_admin_demo/gin-fast/app/controllers/auth.go:179
github.com/gin-gonic/gin.(*Context).Next
	C:/Users/Administrator/go/pkg/mod/github.com/gin-gonic/gin@v1.10.1/context.go:185
gin-fast/app/middleware.CorsNext.func1
	D:/go_pro/pure_admin_demo/gin-fast/app/middleware/cors.go:24
github.com/gin-gonic/gin.(*Context).Next
	C:/Users/Administrator/go/pkg/mod/github.com/gin-gonic/gin@v1.10.1/context.go:185
github.com/gin-gonic/gin.CustomRecoveryWithWriter.func1
	C:/Users/Administrator/go/pkg/mod/github.com/gin-gonic/gin@v1.10.1/recovery.go:102
github.com/gin-gonic/gin.(*Context).Next
	C:/Users/Administrator/go/pkg/mod/github.com/gin-gonic/gin@v1.10.1/context.go:185
github.com/gin-gonic/gin.LoggerWithConfig.func1
	C:/Users/Administrator/go/pkg/mod/github.com/gin-gonic/gin@v1.10.1/logger.go:249
github.com/gin-gonic/gin.(*Context).Next
	C:/Users/Administrator/go/pkg/mod/github.com/gin-gonic/gin@v1.10.1/context.go:185
github.com/gin-gonic/gin.(*Engine).handleHTTPRequest
	C:/Users/Administrator/go/pkg/mod/github.com/gin-gonic/gin@v1.10.1/gin.go:644
github.com/gin-gonic/gin.(*Engine).ServeHTTP
	C:/Users/Administrator/go/pkg/mod/github.com/gin-gonic/gin@v1.10.1/gin.go:600
net/http.serverHandler.ServeHTTP
	C:/Program Files/Go/src/net/http/server.go:3301
net/http.(*conn).serve
	C:/Program Files/Go/src/net/http/server.go:2102
2025-08-26 12:01:33.540	ERROR	controllers/auth.go:179	获取验证码图片失败	{"error": "验证码ID不能为空"}
gin-fast/app/controllers.(*AuthController).GetCaptchaImg
	D:/go_pro/pure_admin_demo/gin-fast/app/controllers/auth.go:179
github.com/gin-gonic/gin.(*Context).Next
	C:/Users/Administrator/go/pkg/mod/github.com/gin-gonic/gin@v1.10.1/context.go:185
gin-fast/app/middleware.CorsNext.func1
	D:/go_pro/pure_admin_demo/gin-fast/app/middleware/cors.go:24
github.com/gin-gonic/gin.(*Context).Next
	C:/Users/Administrator/go/pkg/mod/github.com/gin-gonic/gin@v1.10.1/context.go:185
github.com/gin-gonic/gin.CustomRecoveryWithWriter.func1
	C:/Users/Administrator/go/pkg/mod/github.com/gin-gonic/gin@v1.10.1/recovery.go:102
github.com/gin-gonic/gin.(*Context).Next
	C:/Users/Administrator/go/pkg/mod/github.com/gin-gonic/gin@v1.10.1/context.go:185
github.com/gin-gonic/gin.LoggerWithConfig.func1
	C:/Users/Administrator/go/pkg/mod/github.com/gin-gonic/gin@v1.10.1/logger.go:249
github.com/gin-gonic/gin.(*Context).Next
	C:/Users/Administrator/go/pkg/mod/github.com/gin-gonic/gin@v1.10.1/context.go:185
github.com/gin-gonic/gin.(*Engine).handleHTTPRequest
	C:/Users/Administrator/go/pkg/mod/github.com/gin-gonic/gin@v1.10.1/gin.go:644
github.com/gin-gonic/gin.(*Engine).ServeHTTP
	C:/Users/Administrator/go/pkg/mod/github.com/gin-gonic/gin@v1.10.1/gin.go:600
net/http.serverHandler.ServeHTTP
	C:/Program Files/Go/src/net/http/server.go:3301
net/http.(*conn).serve
	C:/Program Files/Go/src/net/http/server.go:2102
2025-08-27 15:34:39.631	INFO	gormhelper/log.go:60	gorm_v2 日志:	{"详情：": "[traceStr] C:/Users/Administrator/go/pkg/mod/github.com/casbin/gorm-adapter/v3@v3.36.0/adapter.go:420 [0.000ms] [rows:-1] SELECT DATABASE()\n"}
2025-08-27 15:34:39.654	INFO	gormhelper/log.go:60	gorm_v2 日志:	{"详情：": "[traceStr] C:/Users/Administrator/go/pkg/mod/github.com/casbin/gorm-adapter/v3@v3.36.0/adapter.go:420 [1.049ms] [rows:1] SELECT SCHEMA_NAME from Information_schema.SCHEMATA where SCHEMA_NAME LIKE 'gin-fast%' ORDER BY SCHEMA_NAME='gin-fast' DESC,SCHEMA_NAME limit 1\n"}
2025-08-27 15:34:39.655	INFO	gormhelper/log.go:60	gorm_v2 日志:	{"详情：": "[traceStr] C:/Users/Administrator/go/pkg/mod/github.com/casbin/gorm-adapter/v3@v3.36.0/adapter.go:420 [0.510ms] [rows:-1] SELECT count(*) FROM information_schema.tables WHERE table_schema = 'gin-fast' AND table_name = 'casbin_rule' AND table_type = 'BASE TABLE'\n"}
2025-08-27 15:34:39.655	INFO	gormhelper/log.go:60	gorm_v2 日志:	{"详情：": "[traceStr] C:/Users/Administrator/go/pkg/mod/github.com/casbin/gorm-adapter/v3@v3.36.0/adapter.go:420 [0.000ms] [rows:-1] SELECT DATABASE()\n"}
2025-08-27 15:34:39.655	INFO	gormhelper/log.go:60	gorm_v2 日志:	{"详情：": "[traceStr] C:/Users/Administrator/go/pkg/mod/github.com/casbin/gorm-adapter/v3@v3.36.0/adapter.go:420 [0.510ms] [rows:1] SELECT SCHEMA_NAME from Information_schema.SCHEMATA where SCHEMA_NAME LIKE 'gin-fast%' ORDER BY SCHEMA_NAME='gin-fast' DESC,SCHEMA_NAME limit 1\n"}
2025-08-27 15:34:39.655	INFO	gormhelper/log.go:60	gorm_v2 日志:	{"详情：": "[traceStr] C:/Users/Administrator/go/pkg/mod/github.com/casbin/gorm-adapter/v3@v3.36.0/adapter.go:420 [0.000ms] [rows:-1] SELECT * FROM `casbin_rule` LIMIT 1\n"}
2025-08-27 15:34:39.656	INFO	gormhelper/log.go:60	gorm_v2 日志:	{"详情：": "[traceStr] C:/Users/Administrator/go/pkg/mod/github.com/casbin/gorm-adapter/v3@v3.36.0/adapter.go:420 [0.511ms] [rows:-1] SELECT column_name, column_default, is_nullable = 'YES', data_type, character_maximum_length, column_type, column_key, extra, column_comment, numeric_precision, numeric_scale , datetime_precision FROM information_schema.columns WHERE table_schema = 'gin-fast' AND table_name = 'casbin_rule' ORDER BY ORDINAL_POSITION\n"}
2025-08-27 15:34:39.658	INFO	gormhelper/log.go:60	gorm_v2 日志:	{"详情：": "[traceStr] C:/Users/Administrator/go/pkg/mod/github.com/casbin/gorm-adapter/v3@v3.36.0/adapter.go:493 [0.803ms] [rows:9] SELECT * FROM `casbin_rule` ORDER BY ID\n"}
2025-08-27 15:34:39.658	INFO	gormhelper/log.go:60	gorm_v2 日志:	{"详情：": "[traceStr] C:/Users/Administrator/go/pkg/mod/github.com/casbin/gorm-adapter/v3@v3.36.0/adapter.go:493 [0.511ms] [rows:9] SELECT * FROM `casbin_rule` ORDER BY ID\n"}
2025-08-27 15:34:44.498	INFO	gormhelper/log.go:60	gorm_v2 日志:	{"详情：": "[traceStr] D:/go_pro/pure_admin_demo/gin-fast/app/models/usermodel/user.go:48 [0.000ms] [rows:2] SELECT * FROM `sys_user_role` WHERE `sys_user_role`.`user_id` = 1\n"}
2025-08-27 15:34:44.500	INFO	gormhelper/log.go:60	gorm_v2 日志:	{"详情：": "[traceStr] D:/go_pro/pure_admin_demo/gin-fast/app/models/usermodel/user.go:48 [0.640ms] [rows:2] SELECT * FROM `sys_role` WHERE `sys_role`.`id` IN (1,2) AND `sys_role`.`deleted_at` IS NULL\n"}
2025-08-27 15:34:44.500	INFO	gormhelper/log.go:60	gorm_v2 日志:	{"详情：": "[traceStr] D:/go_pro/pure_admin_demo/gin-fast/app/models/usermodel/user.go:48 [4.927ms] [rows:1] SELECT * FROM `users` WHERE `users`.`id` = 1 AND `users`.`deleted_at` IS NULL ORDER BY `users`.`id` LIMIT 1\n"}
2025-08-27 15:44:40.115	INFO	gormhelper/log.go:60	gorm_v2 日志:	{"详情：": "[traceStr] C:/Users/Administrator/go/pkg/mod/github.com/casbin/gorm-adapter/v3@v3.36.0/adapter.go:420 [0.516ms] [rows:-1] SELECT DATABASE()\n"}
2025-08-27 15:44:40.116	INFO	gormhelper/log.go:60	gorm_v2 日志:	{"详情：": "[traceStr] C:/Users/Administrator/go/pkg/mod/github.com/casbin/gorm-adapter/v3@v3.36.0/adapter.go:420 [1.356ms] [rows:1] SELECT SCHEMA_NAME from Information_schema.SCHEMATA where SCHEMA_NAME LIKE 'gin-fast%' ORDER BY SCHEMA_NAME='gin-fast' DESC,SCHEMA_NAME limit 1\n"}
2025-08-27 15:44:40.116	INFO	gormhelper/log.go:60	gorm_v2 日志:	{"详情：": "[traceStr] C:/Users/Administrator/go/pkg/mod/github.com/casbin/gorm-adapter/v3@v3.36.0/adapter.go:420 [0.000ms] [rows:-1] SELECT count(*) FROM information_schema.tables WHERE table_schema = 'gin-fast' AND table_name = 'casbin_rule' AND table_type = 'BASE TABLE'\n"}
2025-08-27 15:44:40.117	INFO	gormhelper/log.go:60	gorm_v2 日志:	{"详情：": "[traceStr] C:/Users/Administrator/go/pkg/mod/github.com/casbin/gorm-adapter/v3@v3.36.0/adapter.go:420 [0.000ms] [rows:-1] SELECT DATABASE()\n"}
2025-08-27 15:44:40.118	INFO	gormhelper/log.go:60	gorm_v2 日志:	{"详情：": "[traceStr] C:/Users/Administrator/go/pkg/mod/github.com/casbin/gorm-adapter/v3@v3.36.0/adapter.go:420 [0.534ms] [rows:1] SELECT SCHEMA_NAME from Information_schema.SCHEMATA where SCHEMA_NAME LIKE 'gin-fast%' ORDER BY SCHEMA_NAME='gin-fast' DESC,SCHEMA_NAME limit 1\n"}
2025-08-27 15:44:40.118	INFO	gormhelper/log.go:60	gorm_v2 日志:	{"详情：": "[traceStr] C:/Users/Administrator/go/pkg/mod/github.com/casbin/gorm-adapter/v3@v3.36.0/adapter.go:420 [0.564ms] [rows:-1] SELECT * FROM `casbin_rule` LIMIT 1\n"}
2025-08-27 15:44:40.119	INFO	gormhelper/log.go:60	gorm_v2 日志:	{"详情：": "[traceStr] C:/Users/Administrator/go/pkg/mod/github.com/casbin/gorm-adapter/v3@v3.36.0/adapter.go:420 [0.652ms] [rows:-1] SELECT column_name, column_default, is_nullable = 'YES', data_type, character_maximum_length, column_type, column_key, extra, column_comment, numeric_precision, numeric_scale , datetime_precision FROM information_schema.columns WHERE table_schema = 'gin-fast' AND table_name = 'casbin_rule' ORDER BY ORDINAL_POSITION\n"}
2025-08-27 15:44:40.121	INFO	gormhelper/log.go:60	gorm_v2 日志:	{"详情：": "[traceStr] C:/Users/Administrator/go/pkg/mod/github.com/casbin/gorm-adapter/v3@v3.36.0/adapter.go:493 [1.230ms] [rows:9] SELECT * FROM `casbin_rule` ORDER BY ID\n"}
2025-08-27 15:44:40.121	INFO	gormhelper/log.go:60	gorm_v2 日志:	{"详情：": "[traceStr] C:/Users/Administrator/go/pkg/mod/github.com/casbin/gorm-adapter/v3@v3.36.0/adapter.go:493 [0.000ms] [rows:9] SELECT * FROM `casbin_rule` ORDER BY ID\n"}
2025-08-27 15:44:44.389	INFO	gormhelper/log.go:60	gorm_v2 日志:	{"详情：": "[traceStr] D:/go_pro/pure_admin_demo/gin-fast/app/models/usermodel/user.go:48 [0.767ms] [rows:2] SELECT * FROM `sys_user_role` WHERE `sys_user_role`.`user_id` = 1\n"}
2025-08-27 15:44:44.390	INFO	gormhelper/log.go:60	gorm_v2 日志:	{"详情：": "[traceStr] D:/go_pro/pure_admin_demo/gin-fast/app/models/usermodel/user.go:48 [0.923ms] [rows:2] SELECT * FROM `sys_role` WHERE `sys_role`.`id` IN (1,2) AND `sys_role`.`deleted_at` IS NULL\n"}
2025-08-27 15:44:44.390	INFO	gormhelper/log.go:60	gorm_v2 日志:	{"详情：": "[traceStr] D:/go_pro/pure_admin_demo/gin-fast/app/models/usermodel/user.go:48 [3.303ms] [rows:1] SELECT * FROM `users` WHERE `users`.`id` = 1 AND `users`.`deleted_at` IS NULL ORDER BY `users`.`id` LIMIT 1\n"}
2025-08-27 16:01:10.094	INFO	gormhelper/log.go:60	gorm_v2 日志:	{"详情：": "[traceStr] C:/Users/Administrator/go/pkg/mod/github.com/casbin/gorm-adapter/v3@v3.36.0/adapter.go:420 [0.000ms] [rows:-1] SELECT DATABASE()\n"}
2025-08-27 16:01:10.095	INFO	gormhelper/log.go:60	gorm_v2 日志:	{"详情：": "[traceStr] C:/Users/Administrator/go/pkg/mod/github.com/casbin/gorm-adapter/v3@v3.36.0/adapter.go:420 [1.079ms] [rows:1] SELECT SCHEMA_NAME from Information_schema.SCHEMATA where SCHEMA_NAME LIKE 'gin-fast%' ORDER BY SCHEMA_NAME='gin-fast' DESC,SCHEMA_NAME limit 1\n"}
2025-08-27 16:01:10.096	INFO	gormhelper/log.go:60	gorm_v2 日志:	{"详情：": "[traceStr] C:/Users/Administrator/go/pkg/mod/github.com/casbin/gorm-adapter/v3@v3.36.0/adapter.go:420 [0.514ms] [rows:-1] SELECT count(*) FROM information_schema.tables WHERE table_schema = 'gin-fast' AND table_name = 'casbin_rule' AND table_type = 'BASE TABLE'\n"}
2025-08-27 16:01:10.096	INFO	gormhelper/log.go:60	gorm_v2 日志:	{"详情：": "[traceStr] C:/Users/Administrator/go/pkg/mod/github.com/casbin/gorm-adapter/v3@v3.36.0/adapter.go:420 [0.000ms] [rows:-1] SELECT DATABASE()\n"}
2025-08-27 16:01:10.097	INFO	gormhelper/log.go:60	gorm_v2 日志:	{"详情：": "[traceStr] C:/Users/Administrator/go/pkg/mod/github.com/casbin/gorm-adapter/v3@v3.36.0/adapter.go:420 [0.536ms] [rows:1] SELECT SCHEMA_NAME from Information_schema.SCHEMATA where SCHEMA_NAME LIKE 'gin-fast%' ORDER BY SCHEMA_NAME='gin-fast' DESC,SCHEMA_NAME limit 1\n"}
2025-08-27 16:01:10.097	INFO	gormhelper/log.go:60	gorm_v2 日志:	{"详情：": "[traceStr] C:/Users/Administrator/go/pkg/mod/github.com/casbin/gorm-adapter/v3@v3.36.0/adapter.go:420 [0.503ms] [rows:-1] SELECT * FROM `casbin_rule` LIMIT 1\n"}
2025-08-27 16:01:10.098	INFO	gormhelper/log.go:60	gorm_v2 日志:	{"详情：": "[traceStr] C:/Users/Administrator/go/pkg/mod/github.com/casbin/gorm-adapter/v3@v3.36.0/adapter.go:420 [0.786ms] [rows:-1] SELECT column_name, column_default, is_nullable = 'YES', data_type, character_maximum_length, column_type, column_key, extra, column_comment, numeric_precision, numeric_scale , datetime_precision FROM information_schema.columns WHERE table_schema = 'gin-fast' AND table_name = 'casbin_rule' ORDER BY ORDINAL_POSITION\n"}
2025-08-27 16:01:10.099	INFO	gormhelper/log.go:60	gorm_v2 日志:	{"详情：": "[traceStr] C:/Users/Administrator/go/pkg/mod/github.com/casbin/gorm-adapter/v3@v3.36.0/adapter.go:493 [0.575ms] [rows:9] SELECT * FROM `casbin_rule` ORDER BY ID\n"}
2025-08-27 16:01:10.099	INFO	gormhelper/log.go:60	gorm_v2 日志:	{"详情：": "[traceStr] C:/Users/Administrator/go/pkg/mod/github.com/casbin/gorm-adapter/v3@v3.36.0/adapter.go:493 [0.000ms] [rows:9] SELECT * FROM `casbin_rule` ORDER BY ID\n"}
2025-08-27 16:01:16.029	INFO	gormhelper/log.go:60	gorm_v2 日志:	{"详情：": "[traceStr] D:/go_pro/pure_admin_demo/gin-fast/app/models/user.go:33 [1.487ms] [rows:1] SELECT * FROM `users` WHERE username = 'admin' AND `users`.`deleted_at` IS NULL ORDER BY `users`.`id` LIMIT 1\n"}
2025-08-27 16:01:18.860	INFO	gormhelper/log.go:60	gorm_v2 日志:	{"详情：": "[traceStr] D:/go_pro/pure_admin_demo/gin-fast/app/models/user.go:47 [0.424ms] [rows:2] SELECT * FROM `sys_user_role` WHERE `sys_user_role`.`user_id` = 1\n"}
2025-08-27 16:01:18.861	INFO	gormhelper/log.go:60	gorm_v2 日志:	{"详情：": "[traceStr] D:/go_pro/pure_admin_demo/gin-fast/app/models/user.go:47 [0.936ms] [rows:2] SELECT * FROM `sys_role` WHERE `sys_role`.`id` IN (1,2) AND `sys_role`.`deleted_at` IS NULL\n"}
2025-08-27 16:01:18.861	INFO	gormhelper/log.go:60	gorm_v2 日志:	{"详情：": "[traceStr] D:/go_pro/pure_admin_demo/gin-fast/app/models/user.go:47 [2.475ms] [rows:1] SELECT * FROM `users` WHERE `users`.`id` = 1 AND `users`.`deleted_at` IS NULL ORDER BY `users`.`id` LIMIT 1\n"}
2025-08-27 16:13:40.979	INFO	gormhelper/log.go:60	gorm_v2 日志:	{"详情：": "[traceStr] C:/Users/Administrator/go/pkg/mod/github.com/casbin/gorm-adapter/v3@v3.36.0/adapter.go:420 [0.533ms] [rows:-1] SELECT DATABASE()\n"}
2025-08-27 16:13:40.981	INFO	gormhelper/log.go:60	gorm_v2 日志:	{"详情：": "[traceStr] C:/Users/Administrator/go/pkg/mod/github.com/casbin/gorm-adapter/v3@v3.36.0/adapter.go:420 [0.527ms] [rows:1] SELECT SCHEMA_NAME from Information_schema.SCHEMATA where SCHEMA_NAME LIKE 'gin-fast%' ORDER BY SCHEMA_NAME='gin-fast' DESC,SCHEMA_NAME limit 1\n"}
2025-08-27 16:13:40.981	INFO	gormhelper/log.go:60	gorm_v2 日志:	{"详情：": "[traceStr] C:/Users/Administrator/go/pkg/mod/github.com/casbin/gorm-adapter/v3@v3.36.0/adapter.go:420 [0.531ms] [rows:-1] SELECT count(*) FROM information_schema.tables WHERE table_schema = 'gin-fast' AND table_name = 'casbin_rule' AND table_type = 'BASE TABLE'\n"}
2025-08-27 16:13:40.982	INFO	gormhelper/log.go:60	gorm_v2 日志:	{"详情：": "[traceStr] C:/Users/Administrator/go/pkg/mod/github.com/casbin/gorm-adapter/v3@v3.36.0/adapter.go:420 [0.000ms] [rows:-1] SELECT DATABASE()\n"}
2025-08-27 16:13:40.982	INFO	gormhelper/log.go:60	gorm_v2 日志:	{"详情：": "[traceStr] C:/Users/Administrator/go/pkg/mod/github.com/casbin/gorm-adapter/v3@v3.36.0/adapter.go:420 [0.527ms] [rows:1] SELECT SCHEMA_NAME from Information_schema.SCHEMATA where SCHEMA_NAME LIKE 'gin-fast%' ORDER BY SCHEMA_NAME='gin-fast' DESC,SCHEMA_NAME limit 1\n"}
2025-08-27 16:13:40.982	INFO	gormhelper/log.go:60	gorm_v2 日志:	{"详情：": "[traceStr] C:/Users/Administrator/go/pkg/mod/github.com/casbin/gorm-adapter/v3@v3.36.0/adapter.go:420 [0.000ms] [rows:-1] SELECT * FROM `casbin_rule` LIMIT 1\n"}
2025-08-27 16:13:40.983	INFO	gormhelper/log.go:60	gorm_v2 日志:	{"详情：": "[traceStr] C:/Users/Administrator/go/pkg/mod/github.com/casbin/gorm-adapter/v3@v3.36.0/adapter.go:420 [1.051ms] [rows:-1] SELECT column_name, column_default, is_nullable = 'YES', data_type, character_maximum_length, column_type, column_key, extra, column_comment, numeric_precision, numeric_scale , datetime_precision FROM information_schema.columns WHERE table_schema = 'gin-fast' AND table_name = 'casbin_rule' ORDER BY ORDINAL_POSITION\n"}
2025-08-27 16:13:40.984	INFO	gormhelper/log.go:60	gorm_v2 日志:	{"详情：": "[traceStr] C:/Users/Administrator/go/pkg/mod/github.com/casbin/gorm-adapter/v3@v3.36.0/adapter.go:493 [1.048ms] [rows:9] SELECT * FROM `casbin_rule` ORDER BY ID\n"}
2025-08-27 16:13:40.984	INFO	gormhelper/log.go:60	gorm_v2 日志:	{"详情：": "[traceStr] C:/Users/Administrator/go/pkg/mod/github.com/casbin/gorm-adapter/v3@v3.36.0/adapter.go:493 [0.000ms] [rows:9] SELECT * FROM `casbin_rule` ORDER BY ID\n"}
2025-08-27 16:13:59.188	INFO	gormhelper/log.go:60	gorm_v2 日志:	{"详情：": "[traceStr] D:/go_pro/pure_admin_demo/gin-fast/app/models/user.go:47 [0.981ms] [rows:2] SELECT * FROM `sys_user_role` WHERE `sys_user_role`.`user_id` = 1\n"}
2025-08-27 16:13:59.188	INFO	gormhelper/log.go:60	gorm_v2 日志:	{"详情：": "[traceStr] D:/go_pro/pure_admin_demo/gin-fast/app/models/user.go:47 [2.595ms] [rows:1] SELECT * FROM `users` WHERE `users`.`id` = 1 AND `users`.`deleted_at` IS NULL ORDER BY `users`.`id` LIMIT 1\n"}
2025-08-27 16:33:13.530	INFO	gormhelper/log.go:60	gorm_v2 日志:	{"详情：": "[traceStr] C:/Users/Administrator/go/pkg/mod/github.com/casbin/gorm-adapter/v3@v3.36.0/adapter.go:420 [0.000ms] [rows:-1] SELECT DATABASE()\n"}
2025-08-27 16:33:13.532	INFO	gormhelper/log.go:60	gorm_v2 日志:	{"详情：": "[traceStr] C:/Users/Administrator/go/pkg/mod/github.com/casbin/gorm-adapter/v3@v3.36.0/adapter.go:420 [1.056ms] [rows:1] SELECT SCHEMA_NAME from Information_schema.SCHEMATA where SCHEMA_NAME LIKE 'gin-fast%' ORDER BY SCHEMA_NAME='gin-fast' DESC,SCHEMA_NAME limit 1\n"}
2025-08-27 16:33:13.532	INFO	gormhelper/log.go:60	gorm_v2 日志:	{"详情：": "[traceStr] C:/Users/Administrator/go/pkg/mod/github.com/casbin/gorm-adapter/v3@v3.36.0/adapter.go:420 [0.000ms] [rows:-1] SELECT count(*) FROM information_schema.tables WHERE table_schema = 'gin-fast' AND table_name = 'casbin_rule' AND table_type = 'BASE TABLE'\n"}
2025-08-27 16:33:13.532	INFO	gormhelper/log.go:60	gorm_v2 日志:	{"详情：": "[traceStr] C:/Users/Administrator/go/pkg/mod/github.com/casbin/gorm-adapter/v3@v3.36.0/adapter.go:420 [0.000ms] [rows:-1] SELECT DATABASE()\n"}
2025-08-27 16:33:13.533	INFO	gormhelper/log.go:60	gorm_v2 日志:	{"详情：": "[traceStr] C:/Users/Administrator/go/pkg/mod/github.com/casbin/gorm-adapter/v3@v3.36.0/adapter.go:420 [0.578ms] [rows:1] SELECT SCHEMA_NAME from Information_schema.SCHEMATA where SCHEMA_NAME LIKE 'gin-fast%' ORDER BY SCHEMA_NAME='gin-fast' DESC,SCHEMA_NAME limit 1\n"}
2025-08-27 16:33:13.533	INFO	gormhelper/log.go:60	gorm_v2 日志:	{"详情：": "[traceStr] C:/Users/Administrator/go/pkg/mod/github.com/casbin/gorm-adapter/v3@v3.36.0/adapter.go:420 [0.000ms] [rows:-1] SELECT * FROM `casbin_rule` LIMIT 1\n"}
2025-08-27 16:33:13.533	INFO	gormhelper/log.go:60	gorm_v2 日志:	{"详情：": "[traceStr] C:/Users/Administrator/go/pkg/mod/github.com/casbin/gorm-adapter/v3@v3.36.0/adapter.go:420 [0.568ms] [rows:-1] SELECT column_name, column_default, is_nullable = 'YES', data_type, character_maximum_length, column_type, column_key, extra, column_comment, numeric_precision, numeric_scale , datetime_precision FROM information_schema.columns WHERE table_schema = 'gin-fast' AND table_name = 'casbin_rule' ORDER BY ORDINAL_POSITION\n"}
2025-08-27 16:33:13.534	INFO	gormhelper/log.go:60	gorm_v2 日志:	{"详情：": "[traceStr] C:/Users/Administrator/go/pkg/mod/github.com/casbin/gorm-adapter/v3@v3.36.0/adapter.go:493 [0.509ms] [rows:9] SELECT * FROM `casbin_rule` ORDER BY ID\n"}
2025-08-27 16:33:13.535	INFO	gormhelper/log.go:60	gorm_v2 日志:	{"详情：": "[traceStr] C:/Users/Administrator/go/pkg/mod/github.com/casbin/gorm-adapter/v3@v3.36.0/adapter.go:493 [0.519ms] [rows:9] SELECT * FROM `casbin_rule` ORDER BY ID\n"}
2025-08-27 16:33:41.435	INFO	gormhelper/log.go:60	gorm_v2 日志:	{"详情：": "[traceStr] D:/go_pro/pure_admin_demo/gin-fast/app/models/user.go:47 [1.187ms] [rows:2] SELECT * FROM `sys_user_role` WHERE `sys_user_role`.`user_id` = 1\n"}
2025-08-27 16:33:41.436	INFO	gormhelper/log.go:60	gorm_v2 日志:	{"详情：": "[traceStr] D:/go_pro/pure_admin_demo/gin-fast/app/models/user.go:47 [0.989ms] [rows:2] SELECT * FROM `sys_role` WHERE `sys_role`.`id` IN (1,2) AND `sys_role`.`deleted_at` IS NULL\n"}
2025-08-27 16:33:41.436	INFO	gormhelper/log.go:60	gorm_v2 日志:	{"详情：": "[traceStr] D:/go_pro/pure_admin_demo/gin-fast/app/models/user.go:47 [4.405ms] [rows:1] SELECT * FROM `users` WHERE `users`.`id` = 1 AND `users`.`deleted_at` IS NULL ORDER BY `users`.`id` LIMIT 1\n"}
2025-08-27 16:35:00.097	INFO	gormhelper/log.go:60	gorm_v2 日志:	{"详情：": "[traceStr] C:/Users/Administrator/go/pkg/mod/github.com/casbin/gorm-adapter/v3@v3.36.0/adapter.go:420 [0.687ms] [rows:-1] SELECT DATABASE()\n"}
2025-08-27 16:35:00.099	INFO	gormhelper/log.go:60	gorm_v2 日志:	{"详情：": "[traceStr] C:/Users/Administrator/go/pkg/mod/github.com/casbin/gorm-adapter/v3@v3.36.0/adapter.go:420 [1.180ms] [rows:1] SELECT SCHEMA_NAME from Information_schema.SCHEMATA where SCHEMA_NAME LIKE 'gin-fast%' ORDER BY SCHEMA_NAME='gin-fast' DESC,SCHEMA_NAME limit 1\n"}
2025-08-27 16:35:00.100	INFO	gormhelper/log.go:60	gorm_v2 日志:	{"详情：": "[traceStr] C:/Users/Administrator/go/pkg/mod/github.com/casbin/gorm-adapter/v3@v3.36.0/adapter.go:420 [0.766ms] [rows:-1] SELECT count(*) FROM information_schema.tables WHERE table_schema = 'gin-fast' AND table_name = 'casbin_rule' AND table_type = 'BASE TABLE'\n"}
2025-08-27 16:35:00.100	INFO	gormhelper/log.go:60	gorm_v2 日志:	{"详情：": "[traceStr] C:/Users/Administrator/go/pkg/mod/github.com/casbin/gorm-adapter/v3@v3.36.0/adapter.go:420 [0.000ms] [rows:-1] SELECT DATABASE()\n"}
2025-08-27 16:35:00.101	INFO	gormhelper/log.go:60	gorm_v2 日志:	{"详情：": "[traceStr] C:/Users/Administrator/go/pkg/mod/github.com/casbin/gorm-adapter/v3@v3.36.0/adapter.go:420 [0.957ms] [rows:1] SELECT SCHEMA_NAME from Information_schema.SCHEMATA where SCHEMA_NAME LIKE 'gin-fast%' ORDER BY SCHEMA_NAME='gin-fast' DESC,SCHEMA_NAME limit 1\n"}
2025-08-27 16:35:00.101	INFO	gormhelper/log.go:60	gorm_v2 日志:	{"详情：": "[traceStr] C:/Users/Administrator/go/pkg/mod/github.com/casbin/gorm-adapter/v3@v3.36.0/adapter.go:420 [0.000ms] [rows:-1] SELECT * FROM `casbin_rule` LIMIT 1\n"}
2025-08-27 16:35:00.102	INFO	gormhelper/log.go:60	gorm_v2 日志:	{"详情：": "[traceStr] C:/Users/Administrator/go/pkg/mod/github.com/casbin/gorm-adapter/v3@v3.36.0/adapter.go:420 [0.736ms] [rows:-1] SELECT column_name, column_default, is_nullable = 'YES', data_type, character_maximum_length, column_type, column_key, extra, column_comment, numeric_precision, numeric_scale , datetime_precision FROM information_schema.columns WHERE table_schema = 'gin-fast' AND table_name = 'casbin_rule' ORDER BY ORDINAL_POSITION\n"}
2025-08-27 16:35:00.103	INFO	gormhelper/log.go:60	gorm_v2 日志:	{"详情：": "[traceStr] C:/Users/Administrator/go/pkg/mod/github.com/casbin/gorm-adapter/v3@v3.36.0/adapter.go:493 [1.054ms] [rows:9] SELECT * FROM `casbin_rule` ORDER BY ID\n"}
2025-08-27 16:35:00.103	INFO	gormhelper/log.go:60	gorm_v2 日志:	{"详情：": "[traceStr] C:/Users/Administrator/go/pkg/mod/github.com/casbin/gorm-adapter/v3@v3.36.0/adapter.go:493 [0.000ms] [rows:9] SELECT * FROM `casbin_rule` ORDER BY ID\n"}
2025-08-27 16:35:04.675	INFO	gormhelper/log.go:60	gorm_v2 日志:	{"详情：": "[traceStr] D:/go_pro/pure_admin_demo/gin-fast/app/models/user.go:47 [1.072ms] [rows:2] SELECT * FROM `sys_user_role` WHERE `sys_user_role`.`user_id` = 1\n"}
2025-08-27 16:35:04.676	INFO	gormhelper/log.go:60	gorm_v2 日志:	{"详情：": "[traceStr] D:/go_pro/pure_admin_demo/gin-fast/app/models/user.go:47 [0.602ms] [rows:2] SELECT * FROM `sys_role` WHERE `sys_role`.`id` IN (1,2) AND `sys_role`.`deleted_at` IS NULL\n"}
2025-08-27 16:35:04.676	INFO	gormhelper/log.go:60	gorm_v2 日志:	{"详情：": "[traceStr] D:/go_pro/pure_admin_demo/gin-fast/app/models/user.go:47 [4.411ms] [rows:1] SELECT * FROM `users` WHERE `users`.`id` = 1 AND `users`.`deleted_at` IS NULL ORDER BY `users`.`id` LIMIT 1\n"}
2025-08-27 16:36:09.130	INFO	gormhelper/log.go:60	gorm_v2 日志:	{"详情：": "[traceStr] C:/Users/Administrator/go/pkg/mod/github.com/casbin/gorm-adapter/v3@v3.36.0/adapter.go:420 [0.000ms] [rows:-1] SELECT DATABASE()\n"}
2025-08-27 16:36:09.131	INFO	gormhelper/log.go:60	gorm_v2 日志:	{"详情：": "[traceStr] C:/Users/Administrator/go/pkg/mod/github.com/casbin/gorm-adapter/v3@v3.36.0/adapter.go:420 [1.032ms] [rows:1] SELECT SCHEMA_NAME from Information_schema.SCHEMATA where SCHEMA_NAME LIKE 'gin-fast%' ORDER BY SCHEMA_NAME='gin-fast' DESC,SCHEMA_NAME limit 1\n"}
2025-08-27 16:36:09.132	INFO	gormhelper/log.go:60	gorm_v2 日志:	{"详情：": "[traceStr] C:/Users/Administrator/go/pkg/mod/github.com/casbin/gorm-adapter/v3@v3.36.0/adapter.go:420 [0.524ms] [rows:-1] SELECT count(*) FROM information_schema.tables WHERE table_schema = 'gin-fast' AND table_name = 'casbin_rule' AND table_type = 'BASE TABLE'\n"}
2025-08-27 16:36:09.132	INFO	gormhelper/log.go:60	gorm_v2 日志:	{"详情：": "[traceStr] C:/Users/Administrator/go/pkg/mod/github.com/casbin/gorm-adapter/v3@v3.36.0/adapter.go:420 [0.000ms] [rows:-1] SELECT DATABASE()\n"}
2025-08-27 16:36:09.133	INFO	gormhelper/log.go:60	gorm_v2 日志:	{"详情：": "[traceStr] C:/Users/Administrator/go/pkg/mod/github.com/casbin/gorm-adapter/v3@v3.36.0/adapter.go:420 [0.524ms] [rows:1] SELECT SCHEMA_NAME from Information_schema.SCHEMATA where SCHEMA_NAME LIKE 'gin-fast%' ORDER BY SCHEMA_NAME='gin-fast' DESC,SCHEMA_NAME limit 1\n"}
2025-08-27 16:36:09.133	INFO	gormhelper/log.go:60	gorm_v2 日志:	{"详情：": "[traceStr] C:/Users/Administrator/go/pkg/mod/github.com/casbin/gorm-adapter/v3@v3.36.0/adapter.go:420 [0.000ms] [rows:-1] SELECT * FROM `casbin_rule` LIMIT 1\n"}
2025-08-27 16:36:09.133	INFO	gormhelper/log.go:60	gorm_v2 日志:	{"详情：": "[traceStr] C:/Users/Administrator/go/pkg/mod/github.com/casbin/gorm-adapter/v3@v3.36.0/adapter.go:420 [0.525ms] [rows:-1] SELECT column_name, column_default, is_nullable = 'YES', data_type, character_maximum_length, column_type, column_key, extra, column_comment, numeric_precision, numeric_scale , datetime_precision FROM information_schema.columns WHERE table_schema = 'gin-fast' AND table_name = 'casbin_rule' ORDER BY ORDINAL_POSITION\n"}
2025-08-27 16:36:09.134	INFO	gormhelper/log.go:60	gorm_v2 日志:	{"详情：": "[traceStr] C:/Users/Administrator/go/pkg/mod/github.com/casbin/gorm-adapter/v3@v3.36.0/adapter.go:493 [0.527ms] [rows:9] SELECT * FROM `casbin_rule` ORDER BY ID\n"}
2025-08-27 16:36:09.135	INFO	gormhelper/log.go:60	gorm_v2 日志:	{"详情：": "[traceStr] C:/Users/Administrator/go/pkg/mod/github.com/casbin/gorm-adapter/v3@v3.36.0/adapter.go:493 [0.526ms] [rows:9] SELECT * FROM `casbin_rule` ORDER BY ID\n"}
2025-08-27 16:36:12.551	INFO	gormhelper/log.go:60	gorm_v2 日志:	{"详情：": "[traceStr] D:/go_pro/pure_admin_demo/gin-fast/app/models/user.go:47 [0.939ms] [rows:2] SELECT * FROM `sys_user_role` WHERE `sys_user_role`.`user_id` = 1\n"}
2025-08-27 16:36:12.552	INFO	gormhelper/log.go:60	gorm_v2 日志:	{"详情：": "[traceStr] D:/go_pro/pure_admin_demo/gin-fast/app/models/user.go:47 [0.986ms] [rows:2] SELECT * FROM `sys_role` WHERE `sys_role`.`id` IN (1,2) AND `sys_role`.`deleted_at` IS NULL\n"}
2025-08-27 16:36:12.552	INFO	gormhelper/log.go:60	gorm_v2 日志:	{"详情：": "[traceStr] D:/go_pro/pure_admin_demo/gin-fast/app/models/user.go:47 [3.868ms] [rows:1] SELECT * FROM `users` WHERE `users`.`id` = 1 AND `users`.`deleted_at` IS NULL ORDER BY `users`.`id` LIMIT 1\n"}
2025-08-27 16:57:11.786	INFO	gormhelper/log.go:60	gorm_v2 日志:	{"详情：": "[traceStr] C:/Users/Administrator/go/pkg/mod/github.com/casbin/gorm-adapter/v3@v3.36.0/adapter.go:420 [0.000ms] [rows:-1] SELECT DATABASE()\n"}
2025-08-27 16:57:11.787	INFO	gormhelper/log.go:60	gorm_v2 日志:	{"详情：": "[traceStr] C:/Users/Administrator/go/pkg/mod/github.com/casbin/gorm-adapter/v3@v3.36.0/adapter.go:420 [0.997ms] [rows:1] SELECT SCHEMA_NAME from Information_schema.SCHEMATA where SCHEMA_NAME LIKE 'gin-fast%' ORDER BY SCHEMA_NAME='gin-fast' DESC,SCHEMA_NAME limit 1\n"}
2025-08-27 16:57:11.787	INFO	gormhelper/log.go:60	gorm_v2 日志:	{"详情：": "[traceStr] C:/Users/Administrator/go/pkg/mod/github.com/casbin/gorm-adapter/v3@v3.36.0/adapter.go:420 [0.000ms] [rows:-1] SELECT count(*) FROM information_schema.tables WHERE table_schema = 'gin-fast' AND table_name = 'casbin_rule' AND table_type = 'BASE TABLE'\n"}
2025-08-27 16:57:11.787	INFO	gormhelper/log.go:60	gorm_v2 日志:	{"详情：": "[traceStr] C:/Users/Administrator/go/pkg/mod/github.com/casbin/gorm-adapter/v3@v3.36.0/adapter.go:420 [0.000ms] [rows:-1] SELECT DATABASE()\n"}
2025-08-27 16:57:11.798	INFO	gormhelper/log.go:60	gorm_v2 日志:	{"详情：": "[traceStr] C:/Users/Administrator/go/pkg/mod/github.com/casbin/gorm-adapter/v3@v3.36.0/adapter.go:420 [11.118ms] [rows:1] SELECT SCHEMA_NAME from Information_schema.SCHEMATA where SCHEMA_NAME LIKE 'gin-fast%' ORDER BY SCHEMA_NAME='gin-fast' DESC,SCHEMA_NAME limit 1\n"}
2025-08-27 16:57:11.809	INFO	gormhelper/log.go:60	gorm_v2 日志:	{"详情：": "[traceStr] C:/Users/Administrator/go/pkg/mod/github.com/casbin/gorm-adapter/v3@v3.36.0/adapter.go:420 [10.253ms] [rows:-1] SELECT * FROM `casbin_rule` LIMIT 1\n"}
2025-08-27 16:57:11.809	INFO	gormhelper/log.go:60	gorm_v2 日志:	{"详情：": "[traceStr] C:/Users/Administrator/go/pkg/mod/github.com/casbin/gorm-adapter/v3@v3.36.0/adapter.go:420 [0.504ms] [rows:-1] SELECT column_name, column_default, is_nullable = 'YES', data_type, character_maximum_length, column_type, column_key, extra, column_comment, numeric_precision, numeric_scale , datetime_precision FROM information_schema.columns WHERE table_schema = 'gin-fast' AND table_name = 'casbin_rule' ORDER BY ORDINAL_POSITION\n"}
2025-08-27 16:57:11.812	INFO	gormhelper/log.go:60	gorm_v2 日志:	{"详情：": "[traceStr] C:/Users/Administrator/go/pkg/mod/github.com/casbin/gorm-adapter/v3@v3.36.0/adapter.go:493 [1.624ms] [rows:9] SELECT * FROM `casbin_rule` ORDER BY ID\n"}
2025-08-27 16:57:11.813	INFO	gormhelper/log.go:60	gorm_v2 日志:	{"详情：": "[traceStr] C:/Users/Administrator/go/pkg/mod/github.com/casbin/gorm-adapter/v3@v3.36.0/adapter.go:493 [0.000ms] [rows:9] SELECT * FROM `casbin_rule` ORDER BY ID\n"}
2025-08-27 16:59:09.075	INFO	gormhelper/log.go:60	gorm_v2 日志:	{"详情：": "[traceStr] D:/go_pro/pure_admin_demo/gin-fast/app/models/user.go:47 [0.000ms] [rows:2] SELECT * FROM `sys_user_role` WHERE `sys_user_role`.`user_id` = 1\n"}
2025-08-27 16:59:09.076	INFO	gormhelper/log.go:60	gorm_v2 日志:	{"详情：": "[traceStr] D:/go_pro/pure_admin_demo/gin-fast/app/models/user.go:47 [0.000ms] [rows:2] SELECT * FROM `sys_role` WHERE `sys_role`.`id` IN (1,2) AND `sys_role`.`deleted_at` IS NULL\n"}
2025-08-27 16:59:09.076	INFO	gormhelper/log.go:60	gorm_v2 日志:	{"详情：": "[traceStr] D:/go_pro/pure_admin_demo/gin-fast/app/models/user.go:47 [3.033ms] [rows:1] SELECT * FROM `users` WHERE `users`.`id` = 1 AND `users`.`deleted_at` IS NULL ORDER BY `users`.`id` LIMIT 1\n"}
2025-08-27 17:02:28.712	INFO	gormhelper/log.go:60	gorm_v2 日志:	{"详情：": "[traceStr] C:/Users/Administrator/go/pkg/mod/github.com/casbin/gorm-adapter/v3@v3.36.0/adapter.go:420 [0.542ms] [rows:-1] SELECT DATABASE()\n"}
2025-08-27 17:02:28.714	INFO	gormhelper/log.go:60	gorm_v2 日志:	{"详情：": "[traceStr] C:/Users/Administrator/go/pkg/mod/github.com/casbin/gorm-adapter/v3@v3.36.0/adapter.go:420 [1.192ms] [rows:1] SELECT SCHEMA_NAME from Information_schema.SCHEMATA where SCHEMA_NAME LIKE 'gin-fast%' ORDER BY SCHEMA_NAME='gin-fast' DESC,SCHEMA_NAME limit 1\n"}
2025-08-27 17:02:28.714	INFO	gormhelper/log.go:60	gorm_v2 日志:	{"详情：": "[traceStr] C:/Users/Administrator/go/pkg/mod/github.com/casbin/gorm-adapter/v3@v3.36.0/adapter.go:420 [0.000ms] [rows:-1] SELECT count(*) FROM information_schema.tables WHERE table_schema = 'gin-fast' AND table_name = 'casbin_rule' AND table_type = 'BASE TABLE'\n"}
2025-08-27 17:02:28.715	INFO	gormhelper/log.go:60	gorm_v2 日志:	{"详情：": "[traceStr] C:/Users/Administrator/go/pkg/mod/github.com/casbin/gorm-adapter/v3@v3.36.0/adapter.go:420 [0.347ms] [rows:-1] SELECT DATABASE()\n"}
2025-08-27 17:02:28.716	INFO	gormhelper/log.go:60	gorm_v2 日志:	{"详情：": "[traceStr] C:/Users/Administrator/go/pkg/mod/github.com/casbin/gorm-adapter/v3@v3.36.0/adapter.go:420 [1.081ms] [rows:1] SELECT SCHEMA_NAME from Information_schema.SCHEMATA where SCHEMA_NAME LIKE 'gin-fast%' ORDER BY SCHEMA_NAME='gin-fast' DESC,SCHEMA_NAME limit 1\n"}
2025-08-27 17:02:28.716	INFO	gormhelper/log.go:60	gorm_v2 日志:	{"详情：": "[traceStr] C:/Users/Administrator/go/pkg/mod/github.com/casbin/gorm-adapter/v3@v3.36.0/adapter.go:420 [0.513ms] [rows:-1] SELECT * FROM `casbin_rule` LIMIT 1\n"}
2025-08-27 17:02:28.717	INFO	gormhelper/log.go:60	gorm_v2 日志:	{"详情：": "[traceStr] C:/Users/Administrator/go/pkg/mod/github.com/casbin/gorm-adapter/v3@v3.36.0/adapter.go:420 [1.072ms] [rows:-1] SELECT column_name, column_default, is_nullable = 'YES', data_type, character_maximum_length, column_type, column_key, extra, column_comment, numeric_precision, numeric_scale , datetime_precision FROM information_schema.columns WHERE table_schema = 'gin-fast' AND table_name = 'casbin_rule' ORDER BY ORDINAL_POSITION\n"}
2025-08-27 17:02:28.718	INFO	gormhelper/log.go:60	gorm_v2 日志:	{"详情：": "[traceStr] C:/Users/Administrator/go/pkg/mod/github.com/casbin/gorm-adapter/v3@v3.36.0/adapter.go:493 [0.508ms] [rows:9] SELECT * FROM `casbin_rule` ORDER BY ID\n"}
2025-08-27 17:02:28.719	INFO	gormhelper/log.go:60	gorm_v2 日志:	{"详情：": "[traceStr] C:/Users/Administrator/go/pkg/mod/github.com/casbin/gorm-adapter/v3@v3.36.0/adapter.go:493 [0.509ms] [rows:9] SELECT * FROM `casbin_rule` ORDER BY ID\n"}
2025-08-27 17:02:33.117	ERROR	controllers/user.go:35	用户不存在	{"error": "invalid foreign key: UserID"}
gin-fast/app/controllers.(*UserController).GetProfile
	D:/go_pro/pure_admin_demo/gin-fast/app/controllers/user.go:35
github.com/gin-gonic/gin.(*Context).Next
	C:/Users/Administrator/go/pkg/mod/github.com/gin-gonic/gin@v1.10.1/context.go:185
gin-fast/app/middleware.JWTAuthMiddleware.func1
	D:/go_pro/pure_admin_demo/gin-fast/app/middleware/jwt.go:39
github.com/gin-gonic/gin.(*Context).Next
	C:/Users/Administrator/go/pkg/mod/github.com/gin-gonic/gin@v1.10.1/context.go:185
gin-fast/app/middleware.CorsNext.func1
	D:/go_pro/pure_admin_demo/gin-fast/app/middleware/cors.go:24
github.com/gin-gonic/gin.(*Context).Next
	C:/Users/Administrator/go/pkg/mod/github.com/gin-gonic/gin@v1.10.1/context.go:185
github.com/gin-gonic/gin.CustomRecoveryWithWriter.func1
	C:/Users/Administrator/go/pkg/mod/github.com/gin-gonic/gin@v1.10.1/recovery.go:102
github.com/gin-gonic/gin.(*Context).Next
	C:/Users/Administrator/go/pkg/mod/github.com/gin-gonic/gin@v1.10.1/context.go:185
github.com/gin-gonic/gin.LoggerWithConfig.func1
	C:/Users/Administrator/go/pkg/mod/github.com/gin-gonic/gin@v1.10.1/logger.go:249
github.com/gin-gonic/gin.(*Context).Next
	C:/Users/Administrator/go/pkg/mod/github.com/gin-gonic/gin@v1.10.1/context.go:185
github.com/gin-gonic/gin.(*Engine).handleHTTPRequest
	C:/Users/Administrator/go/pkg/mod/github.com/gin-gonic/gin@v1.10.1/gin.go:644
github.com/gin-gonic/gin.(*Engine).ServeHTTP
	C:/Users/Administrator/go/pkg/mod/github.com/gin-gonic/gin@v1.10.1/gin.go:600
net/http.serverHandler.ServeHTTP
	C:/Program Files/Go/src/net/http/server.go:3301
net/http.(*conn).serve
	C:/Program Files/Go/src/net/http/server.go:2102
2025-08-27 17:03:25.710	INFO	gormhelper/log.go:60	gorm_v2 日志:	{"详情：": "[traceStr] C:/Users/Administrator/go/pkg/mod/github.com/casbin/gorm-adapter/v3@v3.36.0/adapter.go:420 [0.321ms] [rows:-1] SELECT DATABASE()\n"}
2025-08-27 17:03:25.712	INFO	gormhelper/log.go:60	gorm_v2 日志:	{"详情：": "[traceStr] C:/Users/Administrator/go/pkg/mod/github.com/casbin/gorm-adapter/v3@v3.36.0/adapter.go:420 [0.957ms] [rows:1] SELECT SCHEMA_NAME from Information_schema.SCHEMATA where SCHEMA_NAME LIKE 'gin-fast%' ORDER BY SCHEMA_NAME='gin-fast' DESC,SCHEMA_NAME limit 1\n"}
2025-08-27 17:03:25.712	INFO	gormhelper/log.go:60	gorm_v2 日志:	{"详情：": "[traceStr] C:/Users/Administrator/go/pkg/mod/github.com/casbin/gorm-adapter/v3@v3.36.0/adapter.go:420 [0.503ms] [rows:-1] SELECT count(*) FROM information_schema.tables WHERE table_schema = 'gin-fast' AND table_name = 'casbin_rule' AND table_type = 'BASE TABLE'\n"}
2025-08-27 17:03:25.712	INFO	gormhelper/log.go:60	gorm_v2 日志:	{"详情：": "[traceStr] C:/Users/Administrator/go/pkg/mod/github.com/casbin/gorm-adapter/v3@v3.36.0/adapter.go:420 [0.000ms] [rows:-1] SELECT DATABASE()\n"}
2025-08-27 17:03:25.714	INFO	gormhelper/log.go:60	gorm_v2 日志:	{"详情：": "[traceStr] C:/Users/Administrator/go/pkg/mod/github.com/casbin/gorm-adapter/v3@v3.36.0/adapter.go:420 [1.336ms] [rows:1] SELECT SCHEMA_NAME from Information_schema.SCHEMATA where SCHEMA_NAME LIKE 'gin-fast%' ORDER BY SCHEMA_NAME='gin-fast' DESC,SCHEMA_NAME limit 1\n"}
2025-08-27 17:03:25.714	INFO	gormhelper/log.go:60	gorm_v2 日志:	{"详情：": "[traceStr] C:/Users/Administrator/go/pkg/mod/github.com/casbin/gorm-adapter/v3@v3.36.0/adapter.go:420 [0.000ms] [rows:-1] SELECT * FROM `casbin_rule` LIMIT 1\n"}
2025-08-27 17:03:25.715	INFO	gormhelper/log.go:60	gorm_v2 日志:	{"详情：": "[traceStr] C:/Users/Administrator/go/pkg/mod/github.com/casbin/gorm-adapter/v3@v3.36.0/adapter.go:420 [0.509ms] [rows:-1] SELECT column_name, column_default, is_nullable = 'YES', data_type, character_maximum_length, column_type, column_key, extra, column_comment, numeric_precision, numeric_scale , datetime_precision FROM information_schema.columns WHERE table_schema = 'gin-fast' AND table_name = 'casbin_rule' ORDER BY ORDINAL_POSITION\n"}
2025-08-27 17:03:25.716	INFO	gormhelper/log.go:60	gorm_v2 日志:	{"详情：": "[traceStr] C:/Users/Administrator/go/pkg/mod/github.com/casbin/gorm-adapter/v3@v3.36.0/adapter.go:493 [0.584ms] [rows:9] SELECT * FROM `casbin_rule` ORDER BY ID\n"}
2025-08-27 17:03:25.716	INFO	gormhelper/log.go:60	gorm_v2 日志:	{"详情：": "[traceStr] C:/Users/Administrator/go/pkg/mod/github.com/casbin/gorm-adapter/v3@v3.36.0/adapter.go:493 [0.000ms] [rows:9] SELECT * FROM `casbin_rule` ORDER BY ID\n"}
2025-08-27 17:03:29.578	INFO	gormhelper/log.go:60	gorm_v2 日志:	{"详情：": "[traceStr] D:/go_pro/pure_admin_demo/gin-fast/app/models/user.go:47 [0.503ms] [rows:2] SELECT * FROM `sys_user_role` WHERE `sys_user_role`.`user_id` = 1\n"}
2025-08-27 17:03:29.579	INFO	gormhelper/log.go:60	gorm_v2 日志:	{"详情：": "[traceStr] D:/go_pro/pure_admin_demo/gin-fast/app/models/user.go:47 [2.755ms] [rows:1] SELECT * FROM `users` WHERE `users`.`id` = 1 AND `users`.`deleted_at` IS NULL ORDER BY `users`.`id` LIMIT 1\n"}
2025-08-27 17:06:18.069	INFO	gormhelper/log.go:60	gorm_v2 日志:	{"详情：": "[traceStr] C:/Users/Administrator/go/pkg/mod/github.com/casbin/gorm-adapter/v3@v3.36.0/adapter.go:420 [0.000ms] [rows:-1] SELECT DATABASE()\n"}
2025-08-27 17:06:18.070	INFO	gormhelper/log.go:60	gorm_v2 日志:	{"详情：": "[traceStr] C:/Users/Administrator/go/pkg/mod/github.com/casbin/gorm-adapter/v3@v3.36.0/adapter.go:420 [1.029ms] [rows:1] SELECT SCHEMA_NAME from Information_schema.SCHEMATA where SCHEMA_NAME LIKE 'gin-fast%' ORDER BY SCHEMA_NAME='gin-fast' DESC,SCHEMA_NAME limit 1\n"}
2025-08-27 17:06:18.070	INFO	gormhelper/log.go:60	gorm_v2 日志:	{"详情：": "[traceStr] C:/Users/Administrator/go/pkg/mod/github.com/casbin/gorm-adapter/v3@v3.36.0/adapter.go:420 [0.000ms] [rows:-1] SELECT count(*) FROM information_schema.tables WHERE table_schema = 'gin-fast' AND table_name = 'casbin_rule' AND table_type = 'BASE TABLE'\n"}
2025-08-27 17:06:18.070	INFO	gormhelper/log.go:60	gorm_v2 日志:	{"详情：": "[traceStr] C:/Users/Administrator/go/pkg/mod/github.com/casbin/gorm-adapter/v3@v3.36.0/adapter.go:420 [0.000ms] [rows:-1] SELECT DATABASE()\n"}
2025-08-27 17:06:18.071	INFO	gormhelper/log.go:60	gorm_v2 日志:	{"详情：": "[traceStr] C:/Users/Administrator/go/pkg/mod/github.com/casbin/gorm-adapter/v3@v3.36.0/adapter.go:420 [0.642ms] [rows:1] SELECT SCHEMA_NAME from Information_schema.SCHEMATA where SCHEMA_NAME LIKE 'gin-fast%' ORDER BY SCHEMA_NAME='gin-fast' DESC,SCHEMA_NAME limit 1\n"}
2025-08-27 17:06:18.072	INFO	gormhelper/log.go:60	gorm_v2 日志:	{"详情：": "[traceStr] C:/Users/Administrator/go/pkg/mod/github.com/casbin/gorm-adapter/v3@v3.36.0/adapter.go:420 [0.000ms] [rows:-1] SELECT * FROM `casbin_rule` LIMIT 1\n"}
2025-08-27 17:06:18.072	INFO	gormhelper/log.go:60	gorm_v2 日志:	{"详情：": "[traceStr] C:/Users/Administrator/go/pkg/mod/github.com/casbin/gorm-adapter/v3@v3.36.0/adapter.go:420 [0.518ms] [rows:-1] SELECT column_name, column_default, is_nullable = 'YES', data_type, character_maximum_length, column_type, column_key, extra, column_comment, numeric_precision, numeric_scale , datetime_precision FROM information_schema.columns WHERE table_schema = 'gin-fast' AND table_name = 'casbin_rule' ORDER BY ORDINAL_POSITION\n"}
2025-08-27 17:06:18.073	INFO	gormhelper/log.go:60	gorm_v2 日志:	{"详情：": "[traceStr] C:/Users/Administrator/go/pkg/mod/github.com/casbin/gorm-adapter/v3@v3.36.0/adapter.go:493 [0.509ms] [rows:9] SELECT * FROM `casbin_rule` ORDER BY ID\n"}
2025-08-27 17:06:18.073	INFO	gormhelper/log.go:60	gorm_v2 日志:	{"详情：": "[traceStr] C:/Users/Administrator/go/pkg/mod/github.com/casbin/gorm-adapter/v3@v3.36.0/adapter.go:493 [0.000ms] [rows:9] SELECT * FROM `casbin_rule` ORDER BY ID\n"}
2025-08-27 17:06:22.290	INFO	gormhelper/log.go:60	gorm_v2 日志:	{"详情：": "[traceStr] D:/go_pro/pure_admin_demo/gin-fast/app/models/user.go:47 [0.000ms] [rows:2] SELECT * FROM `sys_user_role` WHERE `sys_user_role`.`user_id` = 1\n"}
2025-08-27 17:06:22.291	INFO	gormhelper/log.go:60	gorm_v2 日志:	{"详情：": "[traceStr] D:/go_pro/pure_admin_demo/gin-fast/app/models/user.go:47 [0.000ms] [rows:2] SELECT * FROM `sys_role` WHERE `sys_role`.`id` IN (1,2) AND `sys_role`.`deleted_at` IS NULL\n"}
2025-08-27 17:06:22.292	INFO	gormhelper/log.go:60	gorm_v2 日志:	{"详情：": "[traceStr] D:/go_pro/pure_admin_demo/gin-fast/app/models/user.go:47 [2.641ms] [rows:1] SELECT * FROM `users` WHERE `users`.`id` = 1 AND `users`.`deleted_at` IS NULL ORDER BY `users`.`id` LIMIT 1\n"}
2025-08-27 17:14:33.160	INFO	gormhelper/log.go:60	gorm_v2 日志:	{"详情：": "[traceStr] C:/Users/Administrator/go/pkg/mod/github.com/casbin/gorm-adapter/v3@v3.36.0/adapter.go:420 [0.508ms] [rows:-1] SELECT DATABASE()\n"}
2025-08-27 17:14:33.162	INFO	gormhelper/log.go:60	gorm_v2 日志:	{"详情：": "[traceStr] C:/Users/Administrator/go/pkg/mod/github.com/casbin/gorm-adapter/v3@v3.36.0/adapter.go:420 [1.123ms] [rows:1] SELECT SCHEMA_NAME from Information_schema.SCHEMATA where SCHEMA_NAME LIKE 'gin-fast%' ORDER BY SCHEMA_NAME='gin-fast' DESC,SCHEMA_NAME limit 1\n"}
2025-08-27 17:14:33.163	INFO	gormhelper/log.go:60	gorm_v2 日志:	{"详情：": "[traceStr] C:/Users/Administrator/go/pkg/mod/github.com/casbin/gorm-adapter/v3@v3.36.0/adapter.go:420 [0.656ms] [rows:-1] SELECT count(*) FROM information_schema.tables WHERE table_schema = 'gin-fast' AND table_name = 'casbin_rule' AND table_type = 'BASE TABLE'\n"}
2025-08-27 17:14:33.163	INFO	gormhelper/log.go:60	gorm_v2 日志:	{"详情：": "[traceStr] C:/Users/Administrator/go/pkg/mod/github.com/casbin/gorm-adapter/v3@v3.36.0/adapter.go:420 [0.000ms] [rows:-1] SELECT DATABASE()\n"}
2025-08-27 17:14:33.164	INFO	gormhelper/log.go:60	gorm_v2 日志:	{"详情：": "[traceStr] C:/Users/Administrator/go/pkg/mod/github.com/casbin/gorm-adapter/v3@v3.36.0/adapter.go:420 [1.053ms] [rows:1] SELECT SCHEMA_NAME from Information_schema.SCHEMATA where SCHEMA_NAME LIKE 'gin-fast%' ORDER BY SCHEMA_NAME='gin-fast' DESC,SCHEMA_NAME limit 1\n"}
2025-08-27 17:14:33.164	INFO	gormhelper/log.go:60	gorm_v2 日志:	{"详情：": "[traceStr] C:/Users/Administrator/go/pkg/mod/github.com/casbin/gorm-adapter/v3@v3.36.0/adapter.go:420 [0.000ms] [rows:-1] SELECT * FROM `casbin_rule` LIMIT 1\n"}
2025-08-27 17:14:33.165	INFO	gormhelper/log.go:60	gorm_v2 日志:	{"详情：": "[traceStr] C:/Users/Administrator/go/pkg/mod/github.com/casbin/gorm-adapter/v3@v3.36.0/adapter.go:420 [0.504ms] [rows:-1] SELECT column_name, column_default, is_nullable = 'YES', data_type, character_maximum_length, column_type, column_key, extra, column_comment, numeric_precision, numeric_scale , datetime_precision FROM information_schema.columns WHERE table_schema = 'gin-fast' AND table_name = 'casbin_rule' ORDER BY ORDINAL_POSITION\n"}
2025-08-27 17:14:33.167	INFO	gormhelper/log.go:60	gorm_v2 日志:	{"详情：": "[traceStr] C:/Users/Administrator/go/pkg/mod/github.com/casbin/gorm-adapter/v3@v3.36.0/adapter.go:493 [1.101ms] [rows:9] SELECT * FROM `casbin_rule` ORDER BY ID\n"}
2025-08-27 17:14:33.168	INFO	gormhelper/log.go:60	gorm_v2 日志:	{"详情：": "[traceStr] C:/Users/Administrator/go/pkg/mod/github.com/casbin/gorm-adapter/v3@v3.36.0/adapter.go:493 [0.000ms] [rows:9] SELECT * FROM `casbin_rule` ORDER BY ID\n"}
2025-08-27 17:17:03.385	INFO	gormhelper/log.go:60	gorm_v2 日志:	{"详情：": "[traceStr] D:/go_pro/pure_admin_demo/gin-fast/app/models/user.go:47 [0.533ms] [rows:2] SELECT * FROM `sys_user_role` WHERE `sys_user_role`.`user_id` = 1\n"}
2025-08-27 17:17:03.386	INFO	gormhelper/log.go:60	gorm_v2 日志:	{"详情：": "[traceStr] D:/go_pro/pure_admin_demo/gin-fast/app/models/user.go:47 [0.617ms] [rows:2] SELECT * FROM `sys_role` WHERE `sys_role`.`id` IN (1,2) AND `sys_role`.`deleted_at` IS NULL\n"}
2025-08-27 17:17:03.386	INFO	gormhelper/log.go:60	gorm_v2 日志:	{"详情：": "[traceStr] D:/go_pro/pure_admin_demo/gin-fast/app/models/user.go:47 [3.110ms] [rows:1] SELECT * FROM `users` WHERE `users`.`id` = 1 AND `users`.`deleted_at` IS NULL ORDER BY `users`.`id` LIMIT 1\n"}
2025-08-27 17:23:51.892	INFO	gormhelper/log.go:60	gorm_v2 日志:	{"详情：": "[traceStr] C:/Users/Administrator/go/pkg/mod/github.com/casbin/gorm-adapter/v3@v3.36.0/adapter.go:420 [0.558ms] [rows:-1] SELECT DATABASE()\n"}
2025-08-27 17:23:51.893	INFO	gormhelper/log.go:60	gorm_v2 日志:	{"详情：": "[traceStr] C:/Users/Administrator/go/pkg/mod/github.com/casbin/gorm-adapter/v3@v3.36.0/adapter.go:420 [0.989ms] [rows:1] SELECT SCHEMA_NAME from Information_schema.SCHEMATA where SCHEMA_NAME LIKE 'gin-fast%' ORDER BY SCHEMA_NAME='gin-fast' DESC,SCHEMA_NAME limit 1\n"}
2025-08-27 17:23:51.894	INFO	gormhelper/log.go:60	gorm_v2 日志:	{"详情：": "[traceStr] C:/Users/Administrator/go/pkg/mod/github.com/casbin/gorm-adapter/v3@v3.36.0/adapter.go:420 [0.000ms] [rows:-1] SELECT count(*) FROM information_schema.tables WHERE table_schema = 'gin-fast' AND table_name = 'casbin_rule' AND table_type = 'BASE TABLE'\n"}
2025-08-27 17:23:51.894	INFO	gormhelper/log.go:60	gorm_v2 日志:	{"详情：": "[traceStr] C:/Users/Administrator/go/pkg/mod/github.com/casbin/gorm-adapter/v3@v3.36.0/adapter.go:420 [0.000ms] [rows:-1] SELECT DATABASE()\n"}
2025-08-27 17:23:51.895	INFO	gormhelper/log.go:60	gorm_v2 日志:	{"详情：": "[traceStr] C:/Users/Administrator/go/pkg/mod/github.com/casbin/gorm-adapter/v3@v3.36.0/adapter.go:420 [0.504ms] [rows:1] SELECT SCHEMA_NAME from Information_schema.SCHEMATA where SCHEMA_NAME LIKE 'gin-fast%' ORDER BY SCHEMA_NAME='gin-fast' DESC,SCHEMA_NAME limit 1\n"}
2025-08-27 17:23:51.895	INFO	gormhelper/log.go:60	gorm_v2 日志:	{"详情：": "[traceStr] C:/Users/Administrator/go/pkg/mod/github.com/casbin/gorm-adapter/v3@v3.36.0/adapter.go:420 [0.000ms] [rows:-1] SELECT * FROM `casbin_rule` LIMIT 1\n"}
2025-08-27 17:23:51.895	INFO	gormhelper/log.go:60	gorm_v2 日志:	{"详情：": "[traceStr] C:/Users/Administrator/go/pkg/mod/github.com/casbin/gorm-adapter/v3@v3.36.0/adapter.go:420 [0.777ms] [rows:-1] SELECT column_name, column_default, is_nullable = 'YES', data_type, character_maximum_length, column_type, column_key, extra, column_comment, numeric_precision, numeric_scale , datetime_precision FROM information_schema.columns WHERE table_schema = 'gin-fast' AND table_name = 'casbin_rule' ORDER BY ORDINAL_POSITION\n"}
2025-08-27 17:23:51.897	INFO	gormhelper/log.go:60	gorm_v2 日志:	{"详情：": "[traceStr] C:/Users/Administrator/go/pkg/mod/github.com/casbin/gorm-adapter/v3@v3.36.0/adapter.go:493 [1.163ms] [rows:9] SELECT * FROM `casbin_rule` ORDER BY ID\n"}
2025-08-27 17:23:51.898	INFO	gormhelper/log.go:60	gorm_v2 日志:	{"详情：": "[traceStr] C:/Users/Administrator/go/pkg/mod/github.com/casbin/gorm-adapter/v3@v3.36.0/adapter.go:493 [0.000ms] [rows:9] SELECT * FROM `casbin_rule` ORDER BY ID\n"}
2025-08-27 17:28:28.738	INFO	gormhelper/log.go:60	gorm_v2 日志:	{"详情：": "[traceStr] D:/go_pro/pure_admin_demo/gin-fast/app/models/user.go:49 [0.000ms] [rows:2] SELECT * FROM `sys_user_role` WHERE `sys_user_role`.`user_id` = 1\n"}
2025-08-27 17:28:28.739	INFO	gormhelper/log.go:60	gorm_v2 日志:	{"详情：": "[traceStr] D:/go_pro/pure_admin_demo/gin-fast/app/models/user.go:49 [0.527ms] [rows:2] SELECT * FROM `sys_role` WHERE `sys_role`.`id` IN (1,2) AND `sys_role`.`deleted_at` IS NULL\n"}
2025-08-27 17:28:28.739	INFO	gormhelper/log.go:60	gorm_v2 日志:	{"详情：": "[traceStr] D:/go_pro/pure_admin_demo/gin-fast/app/models/user.go:49 [3.265ms] [rows:1] SELECT * FROM `users` WHERE `users`.`id` = 1 AND `users`.`deleted_at` IS NULL ORDER BY `users`.`id` LIMIT 1\n"}
2025-08-27 18:04:28.141	INFO	gormhelper/log.go:60	gorm_v2 日志:	{"详情：": "[traceStr] C:/Users/Administrator/go/pkg/mod/github.com/casbin/gorm-adapter/v3@v3.36.0/adapter.go:420 [0.649ms] [rows:-1] SELECT DATABASE()\n"}
2025-08-27 18:04:28.150	INFO	gormhelper/log.go:60	gorm_v2 日志:	{"详情：": "[traceStr] C:/Users/Administrator/go/pkg/mod/github.com/casbin/gorm-adapter/v3@v3.36.0/adapter.go:420 [8.944ms] [rows:1] SELECT SCHEMA_NAME from Information_schema.SCHEMATA where SCHEMA_NAME LIKE 'gin-fast%' ORDER BY SCHEMA_NAME='gin-fast' DESC,SCHEMA_NAME limit 1\n"}
2025-08-27 18:04:28.151	INFO	gormhelper/log.go:60	gorm_v2 日志:	{"详情：": "[traceStr] C:/Users/Administrator/go/pkg/mod/github.com/casbin/gorm-adapter/v3@v3.36.0/adapter.go:420 [0.541ms] [rows:-1] SELECT count(*) FROM information_schema.tables WHERE table_schema = 'gin-fast' AND table_name = 'casbin_rule' AND table_type = 'BASE TABLE'\n"}
2025-08-27 18:04:28.151	INFO	gormhelper/log.go:60	gorm_v2 日志:	{"详情：": "[traceStr] C:/Users/Administrator/go/pkg/mod/github.com/casbin/gorm-adapter/v3@v3.36.0/adapter.go:420 [0.511ms] [rows:-1] SELECT DATABASE()\n"}
2025-08-27 18:04:28.151	INFO	gormhelper/log.go:60	gorm_v2 日志:	{"详情：": "[traceStr] C:/Users/Administrator/go/pkg/mod/github.com/casbin/gorm-adapter/v3@v3.36.0/adapter.go:420 [0.000ms] [rows:1] SELECT SCHEMA_NAME from Information_schema.SCHEMATA where SCHEMA_NAME LIKE 'gin-fast%' ORDER BY SCHEMA_NAME='gin-fast' DESC,SCHEMA_NAME limit 1\n"}
2025-08-27 18:04:28.152	INFO	gormhelper/log.go:60	gorm_v2 日志:	{"详情：": "[traceStr] C:/Users/Administrator/go/pkg/mod/github.com/casbin/gorm-adapter/v3@v3.36.0/adapter.go:420 [1.022ms] [rows:-1] SELECT * FROM `casbin_rule` LIMIT 1\n"}
2025-08-27 18:04:28.153	INFO	gormhelper/log.go:60	gorm_v2 日志:	{"详情：": "[traceStr] C:/Users/Administrator/go/pkg/mod/github.com/casbin/gorm-adapter/v3@v3.36.0/adapter.go:420 [0.804ms] [rows:-1] SELECT column_name, column_default, is_nullable = 'YES', data_type, character_maximum_length, column_type, column_key, extra, column_comment, numeric_precision, numeric_scale , datetime_precision FROM information_schema.columns WHERE table_schema = 'gin-fast' AND table_name = 'casbin_rule' ORDER BY ORDINAL_POSITION\n"}
2025-08-27 18:04:28.155	INFO	gormhelper/log.go:60	gorm_v2 日志:	{"详情：": "[traceStr] C:/Users/Administrator/go/pkg/mod/github.com/casbin/gorm-adapter/v3@v3.36.0/adapter.go:493 [1.055ms] [rows:9] SELECT * FROM `casbin_rule` ORDER BY ID\n"}
2025-08-27 18:04:28.156	INFO	gormhelper/log.go:60	gorm_v2 日志:	{"详情：": "[traceStr] C:/Users/Administrator/go/pkg/mod/github.com/casbin/gorm-adapter/v3@v3.36.0/adapter.go:493 [0.525ms] [rows:9] SELECT * FROM `casbin_rule` ORDER BY ID\n"}
2025-08-27 18:06:19.512	INFO	gormhelper/log.go:60	gorm_v2 日志:	{"详情：": "[traceStr] C:/Users/Administrator/go/pkg/mod/github.com/casbin/gorm-adapter/v3@v3.36.0/adapter.go:420 [0.000ms] [rows:-1] SELECT DATABASE()\n"}
2025-08-27 18:06:19.513	INFO	gormhelper/log.go:60	gorm_v2 日志:	{"详情：": "[traceStr] C:/Users/Administrator/go/pkg/mod/github.com/casbin/gorm-adapter/v3@v3.36.0/adapter.go:420 [1.195ms] [rows:1] SELECT SCHEMA_NAME from Information_schema.SCHEMATA where SCHEMA_NAME LIKE 'gin-fast%' ORDER BY SCHEMA_NAME='gin-fast' DESC,SCHEMA_NAME limit 1\n"}
2025-08-27 18:06:19.513	INFO	gormhelper/log.go:60	gorm_v2 日志:	{"详情：": "[traceStr] C:/Users/Administrator/go/pkg/mod/github.com/casbin/gorm-adapter/v3@v3.36.0/adapter.go:420 [0.000ms] [rows:-1] SELECT count(*) FROM information_schema.tables WHERE table_schema = 'gin-fast' AND table_name = 'casbin_rule' AND table_type = 'BASE TABLE'\n"}
2025-08-27 18:06:19.513	INFO	gormhelper/log.go:60	gorm_v2 日志:	{"详情：": "[traceStr] C:/Users/Administrator/go/pkg/mod/github.com/casbin/gorm-adapter/v3@v3.36.0/adapter.go:420 [0.000ms] [rows:-1] SELECT DATABASE()\n"}
2025-08-27 18:06:19.514	INFO	gormhelper/log.go:60	gorm_v2 日志:	{"详情：": "[traceStr] C:/Users/Administrator/go/pkg/mod/github.com/casbin/gorm-adapter/v3@v3.36.0/adapter.go:420 [0.798ms] [rows:1] SELECT SCHEMA_NAME from Information_schema.SCHEMATA where SCHEMA_NAME LIKE 'gin-fast%' ORDER BY SCHEMA_NAME='gin-fast' DESC,SCHEMA_NAME limit 1\n"}
2025-08-27 18:06:19.514	INFO	gormhelper/log.go:60	gorm_v2 日志:	{"详情：": "[traceStr] C:/Users/Administrator/go/pkg/mod/github.com/casbin/gorm-adapter/v3@v3.36.0/adapter.go:420 [0.000ms] [rows:-1] SELECT * FROM `casbin_rule` LIMIT 1\n"}
2025-08-27 18:06:19.515	INFO	gormhelper/log.go:60	gorm_v2 日志:	{"详情：": "[traceStr] C:/Users/Administrator/go/pkg/mod/github.com/casbin/gorm-adapter/v3@v3.36.0/adapter.go:420 [0.698ms] [rows:-1] SELECT column_name, column_default, is_nullable = 'YES', data_type, character_maximum_length, column_type, column_key, extra, column_comment, numeric_precision, numeric_scale , datetime_precision FROM information_schema.columns WHERE table_schema = 'gin-fast' AND table_name = 'casbin_rule' ORDER BY ORDINAL_POSITION\n"}
2025-08-27 18:06:19.516	INFO	gormhelper/log.go:60	gorm_v2 日志:	{"详情：": "[traceStr] C:/Users/Administrator/go/pkg/mod/github.com/casbin/gorm-adapter/v3@v3.36.0/adapter.go:493 [0.509ms] [rows:9] SELECT * FROM `casbin_rule` ORDER BY ID\n"}
2025-08-27 18:06:19.516	INFO	gormhelper/log.go:60	gorm_v2 日志:	{"详情：": "[traceStr] C:/Users/Administrator/go/pkg/mod/github.com/casbin/gorm-adapter/v3@v3.36.0/adapter.go:493 [0.000ms] [rows:9] SELECT * FROM `casbin_rule` ORDER BY ID\n"}
2025-08-27 18:06:38.318	INFO	gormhelper/log.go:60	gorm_v2 日志:	{"详情：": "[traceStr] D:/go_pro/pure_admin_demo/gin-fast/app/models/sysmenu.go:47 [1.994ms] [rows:73] SELECT * FROM `sys_menu` WHERE `sys_menu`.`deleted_at` IS NULL\n"}
2025-08-27 18:07:51.968	INFO	gormhelper/log.go:60	gorm_v2 日志:	{"详情：": "[traceStr] D:/go_pro/pure_admin_demo/gin-fast/app/models/sysmenu.go:47 [1.901ms] [rows:73] SELECT * FROM `sys_menu` WHERE `sys_menu`.`deleted_at` IS NULL\n"}
2025-08-27 18:08:32.751	INFO	gormhelper/log.go:60	gorm_v2 日志:	{"详情：": "[traceStr] C:/Users/Administrator/go/pkg/mod/github.com/casbin/gorm-adapter/v3@v3.36.0/adapter.go:420 [0.510ms] [rows:-1] SELECT DATABASE()\n"}
2025-08-27 18:08:32.755	INFO	gormhelper/log.go:60	gorm_v2 日志:	{"详情：": "[traceStr] C:/Users/Administrator/go/pkg/mod/github.com/casbin/gorm-adapter/v3@v3.36.0/adapter.go:420 [1.003ms] [rows:1] SELECT SCHEMA_NAME from Information_schema.SCHEMATA where SCHEMA_NAME LIKE 'gin-fast%' ORDER BY SCHEMA_NAME='gin-fast' DESC,SCHEMA_NAME limit 1\n"}
2025-08-27 18:08:32.755	INFO	gormhelper/log.go:60	gorm_v2 日志:	{"详情：": "[traceStr] C:/Users/Administrator/go/pkg/mod/github.com/casbin/gorm-adapter/v3@v3.36.0/adapter.go:420 [0.000ms] [rows:-1] SELECT count(*) FROM information_schema.tables WHERE table_schema = 'gin-fast' AND table_name = 'casbin_rule' AND table_type = 'BASE TABLE'\n"}
2025-08-27 18:08:32.756	INFO	gormhelper/log.go:60	gorm_v2 日志:	{"详情：": "[traceStr] C:/Users/Administrator/go/pkg/mod/github.com/casbin/gorm-adapter/v3@v3.36.0/adapter.go:420 [0.000ms] [rows:-1] SELECT DATABASE()\n"}
2025-08-27 18:08:32.757	INFO	gormhelper/log.go:60	gorm_v2 日志:	{"详情：": "[traceStr] C:/Users/Administrator/go/pkg/mod/github.com/casbin/gorm-adapter/v3@v3.36.0/adapter.go:420 [0.743ms] [rows:1] SELECT SCHEMA_NAME from Information_schema.SCHEMATA where SCHEMA_NAME LIKE 'gin-fast%' ORDER BY SCHEMA_NAME='gin-fast' DESC,SCHEMA_NAME limit 1\n"}
2025-08-27 18:08:32.757	INFO	gormhelper/log.go:60	gorm_v2 日志:	{"详情：": "[traceStr] C:/Users/Administrator/go/pkg/mod/github.com/casbin/gorm-adapter/v3@v3.36.0/adapter.go:420 [0.000ms] [rows:-1] SELECT * FROM `casbin_rule` LIMIT 1\n"}
2025-08-27 18:08:32.757	INFO	gormhelper/log.go:60	gorm_v2 日志:	{"详情：": "[traceStr] C:/Users/Administrator/go/pkg/mod/github.com/casbin/gorm-adapter/v3@v3.36.0/adapter.go:420 [0.675ms] [rows:-1] SELECT column_name, column_default, is_nullable = 'YES', data_type, character_maximum_length, column_type, column_key, extra, column_comment, numeric_precision, numeric_scale , datetime_precision FROM information_schema.columns WHERE table_schema = 'gin-fast' AND table_name = 'casbin_rule' ORDER BY ORDINAL_POSITION\n"}
2025-08-27 18:08:32.758	INFO	gormhelper/log.go:60	gorm_v2 日志:	{"详情：": "[traceStr] C:/Users/Administrator/go/pkg/mod/github.com/casbin/gorm-adapter/v3@v3.36.0/adapter.go:493 [0.526ms] [rows:9] SELECT * FROM `casbin_rule` ORDER BY ID\n"}
2025-08-27 18:08:32.758	INFO	gormhelper/log.go:60	gorm_v2 日志:	{"详情：": "[traceStr] C:/Users/Administrator/go/pkg/mod/github.com/casbin/gorm-adapter/v3@v3.36.0/adapter.go:493 [0.000ms] [rows:9] SELECT * FROM `casbin_rule` ORDER BY ID\n"}
2025-08-27 18:08:36.268	INFO	gormhelper/log.go:60	gorm_v2 日志:	{"详情：": "[traceStr] D:/go_pro/pure_admin_demo/gin-fast/app/models/sysmenu.go:47 [2.771ms] [rows:73] SELECT * FROM `sys_menu` WHERE `sys_menu`.`deleted_at` IS NULL\n"}
2025-08-27 18:09:58.168	INFO	gormhelper/log.go:60	gorm_v2 日志:	{"详情：": "[traceStr] C:/Users/Administrator/go/pkg/mod/github.com/casbin/gorm-adapter/v3@v3.36.0/adapter.go:420 [0.000ms] [rows:-1] SELECT DATABASE()\n"}
2025-08-27 18:09:58.171	INFO	gormhelper/log.go:60	gorm_v2 日志:	{"详情：": "[traceStr] C:/Users/Administrator/go/pkg/mod/github.com/casbin/gorm-adapter/v3@v3.36.0/adapter.go:420 [1.056ms] [rows:1] SELECT SCHEMA_NAME from Information_schema.SCHEMATA where SCHEMA_NAME LIKE 'gin-fast%' ORDER BY SCHEMA_NAME='gin-fast' DESC,SCHEMA_NAME limit 1\n"}
2025-08-27 18:09:58.171	INFO	gormhelper/log.go:60	gorm_v2 日志:	{"详情：": "[traceStr] C:/Users/Administrator/go/pkg/mod/github.com/casbin/gorm-adapter/v3@v3.36.0/adapter.go:420 [0.049ms] [rows:-1] SELECT count(*) FROM information_schema.tables WHERE table_schema = 'gin-fast' AND table_name = 'casbin_rule' AND table_type = 'BASE TABLE'\n"}
2025-08-27 18:09:58.171	INFO	gormhelper/log.go:60	gorm_v2 日志:	{"详情：": "[traceStr] C:/Users/Administrator/go/pkg/mod/github.com/casbin/gorm-adapter/v3@v3.36.0/adapter.go:420 [0.000ms] [rows:-1] SELECT DATABASE()\n"}
2025-08-27 18:09:58.172	INFO	gormhelper/log.go:60	gorm_v2 日志:	{"详情：": "[traceStr] C:/Users/Administrator/go/pkg/mod/github.com/casbin/gorm-adapter/v3@v3.36.0/adapter.go:420 [0.922ms] [rows:1] SELECT SCHEMA_NAME from Information_schema.SCHEMATA where SCHEMA_NAME LIKE 'gin-fast%' ORDER BY SCHEMA_NAME='gin-fast' DESC,SCHEMA_NAME limit 1\n"}
2025-08-27 18:09:58.173	INFO	gormhelper/log.go:60	gorm_v2 日志:	{"详情：": "[traceStr] C:/Users/Administrator/go/pkg/mod/github.com/casbin/gorm-adapter/v3@v3.36.0/adapter.go:420 [0.596ms] [rows:-1] SELECT * FROM `casbin_rule` LIMIT 1\n"}
2025-08-27 18:09:58.174	INFO	gormhelper/log.go:60	gorm_v2 日志:	{"详情：": "[traceStr] C:/Users/Administrator/go/pkg/mod/github.com/casbin/gorm-adapter/v3@v3.36.0/adapter.go:420 [0.860ms] [rows:-1] SELECT column_name, column_default, is_nullable = 'YES', data_type, character_maximum_length, column_type, column_key, extra, column_comment, numeric_precision, numeric_scale , datetime_precision FROM information_schema.columns WHERE table_schema = 'gin-fast' AND table_name = 'casbin_rule' ORDER BY ORDINAL_POSITION\n"}
2025-08-27 18:09:58.175	INFO	gormhelper/log.go:60	gorm_v2 日志:	{"详情：": "[traceStr] C:/Users/Administrator/go/pkg/mod/github.com/casbin/gorm-adapter/v3@v3.36.0/adapter.go:493 [0.722ms] [rows:9] SELECT * FROM `casbin_rule` ORDER BY ID\n"}
2025-08-27 18:09:58.175	INFO	gormhelper/log.go:60	gorm_v2 日志:	{"详情：": "[traceStr] C:/Users/Administrator/go/pkg/mod/github.com/casbin/gorm-adapter/v3@v3.36.0/adapter.go:493 [0.504ms] [rows:9] SELECT * FROM `casbin_rule` ORDER BY ID\n"}
2025-08-27 18:10:01.958	INFO	gormhelper/log.go:60	gorm_v2 日志:	{"详情：": "[traceStr] D:/go_pro/pure_admin_demo/gin-fast/app/models/sysmenu.go:47 [1.163ms] [rows:16] SELECT * FROM `sys_menu` WHERE parent_id = 0 AND `sys_menu`.`deleted_at` IS NULL\n"}
